2023-08-25 11:56:32,612 :: INFO :: ==============================================================================================================================
2023-08-25 11:56:32,612 :: INFO :: ###########################################################################
2023-08-25 11:56:32,612 :: INFO ::  Rule : Check presence of blocks after control flow statements in c files
2023-08-25 11:56:32,612 :: INFO :: ###########################################################################
2023-08-25 11:56:32,612 :: INFO :: Check presence of blocks after control flow statements in C:\Users\LQR1COB\Downloads\c_files\Platform\Aurix.FIT_Manager\Au_FITM.c ..... 
2023-08-25 11:56:32,620 :: INFO :: Check presence of blocks after control flow statements in C:\Users\LQR1COB\Downloads\c_files\Platform\Aurix.FIT_Manager\cfg\Au_FITM_cfg.c ..... 
2023-08-25 11:56:32,625 :: INFO :: Check presence of blocks after control flow statements in C:\Users\LQR1COB\Downloads\c_files\Platform\Aurix.FIT_Manager\FIT_ClockMon\FIT_ClockMon.c ..... 
2023-08-25 11:56:32,627 :: INFO :: Check presence of blocks after control flow statements in C:\Users\LQR1COB\Downloads\c_files\Platform\Aurix.FIT_Manager\FIT_ClockMon\Cfg\FIT_ClockMon_Cfg.c ..... 
2023-08-25 11:56:32,630 :: INFO :: Check presence of blocks after control flow statements in C:\Users\LQR1COB\Downloads\c_files\Platform\Aurix.FIT_Manager\FIT_MPU\FIT_MPU.c ..... 
2023-08-25 11:56:32,643 :: INFO :: Check presence of blocks after control flow statements in C:\Users\LQR1COB\Downloads\c_files\Platform\Aurix.FIT_Manager\FIT_MPU\Cfg\FIT_MPU_Cfg.c ..... 
2023-08-25 11:56:32,647 :: INFO :: Check presence of blocks after control flow statements in C:\Users\LQR1COB\Downloads\c_files\Platform\Aurix.FIT_Manager\FIT_PFLash\FIT_PFlash.c ..... 
2023-08-25 11:56:32,651 :: INFO :: Check presence of blocks after control flow statements in C:\Users\LQR1COB\Downloads\c_files\Platform\Aurix.FIT_Manager\FIT_RAMMonitoring\FIT_RAMMonitoring.c ..... 
2023-08-25 11:56:32,664 :: INFO :: Check presence of blocks after control flow statements in C:\Users\LQR1COB\Downloads\c_files\Platform\Aurix.FIT_Manager\FIT_RAMMonitoring\Cfg\FIT_RAMMonitoring_Cfg.c ..... 
2023-08-25 11:56:32,668 :: INFO :: Check presence of blocks after control flow statements in C:\Users\LQR1COB\Downloads\c_files\Platform\Aurix.FIT_Manager\FIT_REGM\cfg\FIT_REGM_Cfg.c ..... 
2023-08-25 11:56:32,680 :: INFO :: Check presence of blocks after control flow statements in C:\Users\LQR1COB\Downloads\c_files\Platform\Aurix.FIT_Manager\FIT_REGM\src\FIT_REGM.c ..... 
2023-08-25 11:56:32,694 :: INFO :: Check presence of blocks after control flow statements in C:\Users\LQR1COB\Downloads\c_files\Platform\Aurix.FIT_Manager\FIT_Wdg\FIT_Wdg.c ..... 
2023-08-25 11:56:32,710 :: INFO :: Check presence of blocks after control flow statements in C:\Users\LQR1COB\Downloads\c_files\Platform\Aurix.FIT_Manager\FIT_Wdg\cfg\FIT_Wdg_Cfg.c ..... 
2023-08-25 11:56:32,714 :: INFO :: Check presence of blocks after control flow statements in C:\Users\LQR1COB\Downloads\c_files\Platform\Aurix.SafetyManager\AuSM.c ..... 
2023-08-25 11:56:32,723 :: ERROR :: Rule violation at line 522: }while((0x0u != LSMUAlarmStatus_u32) &&
2023-08-25 11:56:32,723 :: INFO :: Check presence of blocks after control flow statements in C:\Users\LQR1COB\Downloads\c_files\Platform\Aurix.SafetyManager\AuSM_Irq.c ..... 
2023-08-25 11:56:32,727 :: INFO :: Check presence of blocks after control flow statements in C:\Users\LQR1COB\Downloads\c_files\Platform\Aurix.SafetyManager\AuSM_UserCallout.c ..... 
2023-08-25 11:56:32,729 :: INFO :: Check presence of blocks after control flow statements in C:\Users\LQR1COB\Downloads\c_files\Platform\Aurix.SafetyManager\Cfg\AuSM_Cfg.c ..... 
2023-08-25 11:56:32,735 :: INFO :: Check presence of blocks after control flow statements in C:\Users\LQR1COB\Downloads\c_files\Platform\CDD.PeripheralProtection\cfg\PeriProt_cfg.c ..... 
2023-08-25 11:56:32,739 :: INFO :: Check presence of blocks after control flow statements in C:\Users\LQR1COB\Downloads\c_files\Platform\CDD.PeripheralProtection\src\PeriProt.c ..... 
2023-08-25 11:56:32,743 :: INFO :: Check presence of blocks after control flow statements in C:\Users\LQR1COB\Downloads\c_files\Platform\CDD.RegisterMonitor\callout\REGM_UserCallout.c ..... 
2023-08-25 11:56:32,747 :: INFO :: Check presence of blocks after control flow statements in C:\Users\LQR1COB\Downloads\c_files\Platform\CDD.RegisterMonitor\cfg\REGM_Cfg.c ..... 
2023-08-25 11:56:32,760 :: INFO :: Check presence of blocks after control flow statements in C:\Users\LQR1COB\Downloads\c_files\Platform\CDD.RegisterMonitor\src\REGM.c ..... 
2023-08-25 11:56:32,771 :: INFO :: Check presence of blocks after control flow statements in C:\Users\LQR1COB\Downloads\c_files\Platform\EcuAL.UARTBufferHandler\UARTBufferHandler.c ..... 
2023-08-25 11:56:32,777 :: INFO :: Check presence of blocks after control flow statements in C:\Users\LQR1COB\Downloads\c_files\Platform\EthernetTrcvDriver\DeSerStub\EthTrcv.c ..... 
2023-08-25 11:56:32,784 :: INFO :: Check presence of blocks after control flow statements in C:\Users\LQR1COB\Downloads\c_files\Platform\EthernetTrcvDriver\Realtek_RTL8211FI\EthTrcv.c ..... 
2023-08-25 11:56:32,789 :: ERROR :: Rule violation at line 66: } while (retval_e & 0x8000);
2023-08-25 11:56:32,789 :: INFO :: Check presence of blocks after control flow statements in C:\Users\LQR1COB\Downloads\c_files\Platform\MCAL.ADCPlausibility\ADCP.c ..... 
2023-08-25 11:56:32,794 :: INFO :: Check presence of blocks after control flow statements in C:\Users\LQR1COB\Downloads\c_files\Platform\MCAL.ADCPlausibility\callout\ADCP_UserCallout.c ..... 
2023-08-25 11:56:32,797 :: INFO :: Check presence of blocks after control flow statements in C:\Users\LQR1COB\Downloads\c_files\Platform\MCAL.ADCPlausibility\cfg\ADCP_Cfg.c ..... 
2023-08-25 11:56:32,801 :: INFO :: Check presence of blocks after control flow statements in C:\Users\LQR1COB\Downloads\c_files\Platform\McAL.AurixCoreDriver\AurixCoreDriver.c ..... 
2023-08-25 11:56:32,805 :: INFO :: Check presence of blocks after control flow statements in C:\Users\LQR1COB\Downloads\c_files\Platform\McAL.ClockMonitoring\ClockMon.c ..... 
2023-08-25 11:56:32,807 :: INFO :: Check presence of blocks after control flow statements in C:\Users\LQR1COB\Downloads\c_files\Platform\McAL.InternalVoltageMonitors\IVM.c ..... 
2023-08-25 11:56:32,815 :: INFO :: Check presence of blocks after control flow statements in C:\Users\LQR1COB\Downloads\c_files\Platform\McAL.McuExtensions\McuExt_Cache.c ..... 
2023-08-25 11:56:32,818 :: INFO :: Check presence of blocks after control flow statements in C:\Users\LQR1COB\Downloads\c_files\Platform\McAL.McuExtensions\McuExt_DebugInformation.c ..... 
2023-08-25 11:56:32,820 :: INFO :: Check presence of blocks after control flow statements in C:\Users\LQR1COB\Downloads\c_files\Platform\McAL.McuExtensions\McuExt_Information.c ..... 
2023-08-25 11:56:32,823 :: INFO :: Check presence of blocks after control flow statements in C:\Users\LQR1COB\Downloads\c_files\Platform\McAL.McuExtensions\McuExt_McuReset.c ..... 
2023-08-25 11:56:32,826 :: INFO :: Check presence of blocks after control flow statements in C:\Users\LQR1COB\Downloads\c_files\Platform\McAL.McuExtensions\McuExt_PerfCounters.c ..... 
2023-08-25 11:56:32,828 :: INFO :: Check presence of blocks after control flow statements in C:\Users\LQR1COB\Downloads\c_files\Platform\McAL.McuExtensions\McuExt_PortResistorSet.c ..... 
2023-08-25 11:56:32,833 :: INFO :: Check presence of blocks after control flow statements in C:\Users\LQR1COB\Downloads\c_files\Platform\McAL.McuExtensions\McuExt_WatchdogEventHandler.c ..... 
2023-08-25 11:56:32,840 :: ERROR :: Rule violation at line 532: if ((HWDG_RUNULC == MCUEXT_HWDG_RUNULC) &&
2023-08-25 11:56:32,840 :: INFO :: Check presence of blocks after control flow statements in C:\Users\LQR1COB\Downloads\c_files\Platform\MCAL.SafetyStartup\AuSS.c ..... 
2023-08-25 11:56:32,854 :: ERROR :: Rule violation at line 757: else {}
2023-08-25 11:56:32,854 :: INFO :: Check presence of blocks after control flow statements in C:\Users\LQR1COB\Downloads\c_files\Platform\MCAL.SafetyStartup\AuSS_LBIST.c ..... 
2023-08-25 11:56:32,858 :: INFO :: Check presence of blocks after control flow statements in C:\Users\LQR1COB\Downloads\c_files\Platform\MCAL.SafetyStartup\AuSS_MBIST.c ..... 
2023-08-25 11:56:32,867 :: ERROR :: Rule violation at line 628: } while (0U == status);
2023-08-25 11:56:32,867 :: ERROR :: Rule violation at line 705: } while (0U == status);
2023-08-25 11:56:32,868 :: ERROR :: Rule violation at line 756: } while (0U == status);
2023-08-25 11:56:32,868 :: INFO :: Check presence of blocks after control flow statements in C:\Users\LQR1COB\Downloads\c_files\Platform\MCAL.SafetyStartup\AuSS_MONBIST.c ..... 
2023-08-25 11:56:32,870 :: INFO :: Check presence of blocks after control flow statements in C:\Users\LQR1COB\Downloads\c_files\Platform\MCAL.SafetyStartup\AuSS_Mtu.c ..... 
2023-08-25 11:56:32,875 :: INFO :: Check presence of blocks after control flow statements in C:\Users\LQR1COB\Downloads\c_files\Platform\MCAL.SafetyStartup\AuSS_RegMonTest.c ..... 
2023-08-25 11:56:32,876 :: INFO :: Check presence of blocks after control flow statements in C:\Users\LQR1COB\Downloads\c_files\Platform\MCAL.SafetyStartup\AuSS_rte.c ..... 
2023-08-25 11:56:32,878 :: INFO :: Check presence of blocks after control flow statements in C:\Users\LQR1COB\Downloads\c_files\Platform\MCAL.SafetyStartup\AuSS_Scu.c ..... 
2023-08-25 11:56:32,880 :: INFO :: Check presence of blocks after control flow statements in C:\Users\LQR1COB\Downloads\c_files\Platform\MCAL.SafetyStartup\AuSS_Smu.c ..... 
2023-08-25 11:56:32,883 :: INFO :: Check presence of blocks after control flow statements in C:\Users\LQR1COB\Downloads\c_files\Platform\MCAL.SafetyStartup\AuSS_SmuAliveAlarm.c ..... 
2023-08-25 11:56:32,885 :: INFO :: Check presence of blocks after control flow statements in C:\Users\LQR1COB\Downloads\c_files\Platform\MCAL.SafetyStartup\AuSS_SMURegMonTest.c ..... 
2023-08-25 11:56:32,888 :: INFO :: Check presence of blocks after control flow statements in C:\Users\LQR1COB\Downloads\c_files\Platform\MCAL.SafetyStartup\Cfg\AuSS_Cfg.c ..... 
2023-08-25 11:56:32,892 :: INFO :: Check presence of blocks after control flow statements in C:\Users\LQR1COB\Downloads\c_files\Platform\MCAL.SafetyStartup\Cfg\AuSS_Mtu_Cfg.c ..... 
2023-08-25 11:56:32,897 :: INFO :: Check presence of blocks after control flow statements in C:\Users\LQR1COB\Downloads\c_files\Platform\MCAL.SafetyStartup\Cfg\AuSS_Scu_Cfg.c ..... 
2023-08-25 11:56:32,900 :: INFO :: Check presence of blocks after control flow statements in C:\Users\LQR1COB\Downloads\c_files\Platform\MCAL.SafetyStartup\Cfg\AuSS_Smu_Cfg.c ..... 
2023-08-25 11:56:32,902 :: INFO :: Check presence of blocks after control flow statements in C:\Users\LQR1COB\Downloads\c_files\Platform\PFlashMonitoring\cfg\PFMON_LCfg.c ..... 
2023-08-25 11:56:32,906 :: INFO :: Check presence of blocks after control flow statements in C:\Users\LQR1COB\Downloads\c_files\Platform\PFlashMonitoring\src\PFMON.c ..... 
2023-08-25 11:56:42,280 :: INFO :: ==============================================================================================================================
2023-08-25 11:56:42,280 :: INFO :: ###########################################################################
2023-08-25 11:56:42,280 :: INFO ::  Rule : Check presence of blocks after control flow statements in c files
2023-08-25 11:56:42,280 :: INFO :: ###########################################################################
2023-08-25 11:56:42,280 :: INFO :: Check presence of blocks after control flow statements in C:\Users\LQR1COB\Downloads\c_files\Platform\Aurix.FIT_Manager\Au_FITM.c ..... 
2023-08-25 11:56:42,288 :: INFO :: Check presence of blocks after control flow statements in C:\Users\LQR1COB\Downloads\c_files\Platform\Aurix.FIT_Manager\cfg\Au_FITM_cfg.c ..... 
2023-08-25 11:56:42,292 :: INFO :: Check presence of blocks after control flow statements in C:\Users\LQR1COB\Downloads\c_files\Platform\Aurix.FIT_Manager\FIT_ClockMon\FIT_ClockMon.c ..... 
2023-08-25 11:56:42,293 :: INFO :: Check presence of blocks after control flow statements in C:\Users\LQR1COB\Downloads\c_files\Platform\Aurix.FIT_Manager\FIT_ClockMon\Cfg\FIT_ClockMon_Cfg.c ..... 
2023-08-25 11:56:42,297 :: INFO :: Check presence of blocks after control flow statements in C:\Users\LQR1COB\Downloads\c_files\Platform\Aurix.FIT_Manager\FIT_MPU\FIT_MPU.c ..... 
2023-08-25 11:56:42,309 :: INFO :: Check presence of blocks after control flow statements in C:\Users\LQR1COB\Downloads\c_files\Platform\Aurix.FIT_Manager\FIT_MPU\Cfg\FIT_MPU_Cfg.c ..... 
2023-08-25 11:56:42,313 :: INFO :: Check presence of blocks after control flow statements in C:\Users\LQR1COB\Downloads\c_files\Platform\Aurix.FIT_Manager\FIT_PFLash\FIT_PFlash.c ..... 
2023-08-25 11:56:42,317 :: INFO :: Check presence of blocks after control flow statements in C:\Users\LQR1COB\Downloads\c_files\Platform\Aurix.FIT_Manager\FIT_RAMMonitoring\FIT_RAMMonitoring.c ..... 
2023-08-25 11:56:42,331 :: INFO :: Check presence of blocks after control flow statements in C:\Users\LQR1COB\Downloads\c_files\Platform\Aurix.FIT_Manager\FIT_RAMMonitoring\Cfg\FIT_RAMMonitoring_Cfg.c ..... 
2023-08-25 11:56:42,334 :: INFO :: Check presence of blocks after control flow statements in C:\Users\LQR1COB\Downloads\c_files\Platform\Aurix.FIT_Manager\FIT_REGM\cfg\FIT_REGM_Cfg.c ..... 
2023-08-25 11:56:42,346 :: INFO :: Check presence of blocks after control flow statements in C:\Users\LQR1COB\Downloads\c_files\Platform\Aurix.FIT_Manager\FIT_REGM\src\FIT_REGM.c ..... 
2023-08-25 11:56:42,360 :: INFO :: Check presence of blocks after control flow statements in C:\Users\LQR1COB\Downloads\c_files\Platform\Aurix.FIT_Manager\FIT_Wdg\FIT_Wdg.c ..... 
2023-08-25 11:56:42,376 :: INFO :: Check presence of blocks after control flow statements in C:\Users\LQR1COB\Downloads\c_files\Platform\Aurix.FIT_Manager\FIT_Wdg\cfg\FIT_Wdg_Cfg.c ..... 
2023-08-25 11:56:42,380 :: INFO :: Check presence of blocks after control flow statements in C:\Users\LQR1COB\Downloads\c_files\Platform\Aurix.SafetyManager\AuSM.c ..... 
2023-08-25 11:56:42,389 :: ERROR :: Rule violation at line 522: }while((0x0u != LSMUAlarmStatus_u32) &&
2023-08-25 11:56:42,389 :: INFO :: Check presence of blocks after control flow statements in C:\Users\LQR1COB\Downloads\c_files\Platform\Aurix.SafetyManager\AuSM_Irq.c ..... 
2023-08-25 11:56:42,394 :: INFO :: Check presence of blocks after control flow statements in C:\Users\LQR1COB\Downloads\c_files\Platform\Aurix.SafetyManager\AuSM_UserCallout.c ..... 
2023-08-25 11:56:42,405 :: INFO :: Check presence of blocks after control flow statements in C:\Users\LQR1COB\Downloads\c_files\Platform\Aurix.SafetyManager\Cfg\AuSM_Cfg.c ..... 
2023-08-25 11:56:42,411 :: INFO :: Check presence of blocks after control flow statements in C:\Users\LQR1COB\Downloads\c_files\Platform\CDD.PeripheralProtection\cfg\PeriProt_cfg.c ..... 
2023-08-25 11:56:42,415 :: INFO :: Check presence of blocks after control flow statements in C:\Users\LQR1COB\Downloads\c_files\Platform\CDD.PeripheralProtection\src\PeriProt.c ..... 
2023-08-25 11:56:42,419 :: INFO :: Check presence of blocks after control flow statements in C:\Users\LQR1COB\Downloads\c_files\Platform\CDD.RegisterMonitor\callout\REGM_UserCallout.c ..... 
2023-08-25 11:56:42,422 :: INFO :: Check presence of blocks after control flow statements in C:\Users\LQR1COB\Downloads\c_files\Platform\CDD.RegisterMonitor\cfg\REGM_Cfg.c ..... 
2023-08-25 11:56:42,435 :: INFO :: Check presence of blocks after control flow statements in C:\Users\LQR1COB\Downloads\c_files\Platform\CDD.RegisterMonitor\src\REGM.c ..... 
2023-08-25 11:56:42,445 :: INFO :: Check presence of blocks after control flow statements in C:\Users\LQR1COB\Downloads\c_files\Platform\EcuAL.UARTBufferHandler\UARTBufferHandler.c ..... 
2023-08-25 11:56:42,452 :: INFO :: Check presence of blocks after control flow statements in C:\Users\LQR1COB\Downloads\c_files\Platform\EthernetTrcvDriver\DeSerStub\EthTrcv.c ..... 
2023-08-25 11:56:42,458 :: INFO :: Check presence of blocks after control flow statements in C:\Users\LQR1COB\Downloads\c_files\Platform\EthernetTrcvDriver\Realtek_RTL8211FI\EthTrcv.c ..... 
2023-08-25 11:56:42,463 :: ERROR :: Rule violation at line 66: } while (retval_e & 0x8000);
2023-08-25 11:56:42,463 :: INFO :: Check presence of blocks after control flow statements in C:\Users\LQR1COB\Downloads\c_files\Platform\MCAL.ADCPlausibility\ADCP.c ..... 
2023-08-25 11:56:42,468 :: INFO :: Check presence of blocks after control flow statements in C:\Users\LQR1COB\Downloads\c_files\Platform\MCAL.ADCPlausibility\callout\ADCP_UserCallout.c ..... 
2023-08-25 11:56:42,471 :: INFO :: Check presence of blocks after control flow statements in C:\Users\LQR1COB\Downloads\c_files\Platform\MCAL.ADCPlausibility\cfg\ADCP_Cfg.c ..... 
2023-08-25 11:56:42,475 :: INFO :: Check presence of blocks after control flow statements in C:\Users\LQR1COB\Downloads\c_files\Platform\McAL.AurixCoreDriver\AurixCoreDriver.c ..... 
2023-08-25 11:56:42,479 :: INFO :: Check presence of blocks after control flow statements in C:\Users\LQR1COB\Downloads\c_files\Platform\McAL.ClockMonitoring\ClockMon.c ..... 
2023-08-25 11:56:42,481 :: INFO :: Check presence of blocks after control flow statements in C:\Users\LQR1COB\Downloads\c_files\Platform\McAL.InternalVoltageMonitors\IVM.c ..... 
2023-08-25 11:56:42,488 :: INFO :: Check presence of blocks after control flow statements in C:\Users\LQR1COB\Downloads\c_files\Platform\McAL.McuExtensions\McuExt_Cache.c ..... 
2023-08-25 11:56:42,491 :: INFO :: Check presence of blocks after control flow statements in C:\Users\LQR1COB\Downloads\c_files\Platform\McAL.McuExtensions\McuExt_DebugInformation.c ..... 
2023-08-25 11:56:42,493 :: INFO :: Check presence of blocks after control flow statements in C:\Users\LQR1COB\Downloads\c_files\Platform\McAL.McuExtensions\McuExt_Information.c ..... 
2023-08-25 11:56:42,496 :: INFO :: Check presence of blocks after control flow statements in C:\Users\LQR1COB\Downloads\c_files\Platform\McAL.McuExtensions\McuExt_McuReset.c ..... 
2023-08-25 11:56:42,499 :: INFO :: Check presence of blocks after control flow statements in C:\Users\LQR1COB\Downloads\c_files\Platform\McAL.McuExtensions\McuExt_PerfCounters.c ..... 
2023-08-25 11:56:42,501 :: INFO :: Check presence of blocks after control flow statements in C:\Users\LQR1COB\Downloads\c_files\Platform\McAL.McuExtensions\McuExt_PortResistorSet.c ..... 
2023-08-25 11:56:42,506 :: INFO :: Check presence of blocks after control flow statements in C:\Users\LQR1COB\Downloads\c_files\Platform\McAL.McuExtensions\McuExt_WatchdogEventHandler.c ..... 
2023-08-25 11:56:42,513 :: ERROR :: Rule violation at line 532: if ((HWDG_RUNULC == MCUEXT_HWDG_RUNULC) &&
2023-08-25 11:56:42,513 :: INFO :: Check presence of blocks after control flow statements in C:\Users\LQR1COB\Downloads\c_files\Platform\MCAL.SafetyStartup\AuSS.c ..... 
2023-08-25 11:56:42,527 :: ERROR :: Rule violation at line 757: else {}
2023-08-25 11:56:42,527 :: INFO :: Check presence of blocks after control flow statements in C:\Users\LQR1COB\Downloads\c_files\Platform\MCAL.SafetyStartup\AuSS_LBIST.c ..... 
2023-08-25 11:56:42,531 :: INFO :: Check presence of blocks after control flow statements in C:\Users\LQR1COB\Downloads\c_files\Platform\MCAL.SafetyStartup\AuSS_MBIST.c ..... 
2023-08-25 11:56:42,540 :: ERROR :: Rule violation at line 628: } while (0U == status);
2023-08-25 11:56:42,541 :: ERROR :: Rule violation at line 705: } while (0U == status);
2023-08-25 11:56:42,541 :: ERROR :: Rule violation at line 756: } while (0U == status);
2023-08-25 11:56:42,541 :: INFO :: Check presence of blocks after control flow statements in C:\Users\LQR1COB\Downloads\c_files\Platform\MCAL.SafetyStartup\AuSS_MONBIST.c ..... 
2023-08-25 11:56:42,543 :: INFO :: Check presence of blocks after control flow statements in C:\Users\LQR1COB\Downloads\c_files\Platform\MCAL.SafetyStartup\AuSS_Mtu.c ..... 
2023-08-25 11:56:42,548 :: INFO :: Check presence of blocks after control flow statements in C:\Users\LQR1COB\Downloads\c_files\Platform\MCAL.SafetyStartup\AuSS_RegMonTest.c ..... 
2023-08-25 11:56:42,550 :: INFO :: Check presence of blocks after control flow statements in C:\Users\LQR1COB\Downloads\c_files\Platform\MCAL.SafetyStartup\AuSS_rte.c ..... 
2023-08-25 11:56:42,551 :: INFO :: Check presence of blocks after control flow statements in C:\Users\LQR1COB\Downloads\c_files\Platform\MCAL.SafetyStartup\AuSS_Scu.c ..... 
2023-08-25 11:56:42,554 :: INFO :: Check presence of blocks after control flow statements in C:\Users\LQR1COB\Downloads\c_files\Platform\MCAL.SafetyStartup\AuSS_Smu.c ..... 
2023-08-25 11:56:42,556 :: INFO :: Check presence of blocks after control flow statements in C:\Users\LQR1COB\Downloads\c_files\Platform\MCAL.SafetyStartup\AuSS_SmuAliveAlarm.c ..... 
2023-08-25 11:56:42,559 :: INFO :: Check presence of blocks after control flow statements in C:\Users\LQR1COB\Downloads\c_files\Platform\MCAL.SafetyStartup\AuSS_SMURegMonTest.c ..... 
2023-08-25 11:56:42,561 :: INFO :: Check presence of blocks after control flow statements in C:\Users\LQR1COB\Downloads\c_files\Platform\MCAL.SafetyStartup\Cfg\AuSS_Cfg.c ..... 
2023-08-25 11:56:42,566 :: INFO :: Check presence of blocks after control flow statements in C:\Users\LQR1COB\Downloads\c_files\Platform\MCAL.SafetyStartup\Cfg\AuSS_Mtu_Cfg.c ..... 
2023-08-25 11:56:42,571 :: INFO :: Check presence of blocks after control flow statements in C:\Users\LQR1COB\Downloads\c_files\Platform\MCAL.SafetyStartup\Cfg\AuSS_Scu_Cfg.c ..... 
2023-08-25 11:56:42,573 :: INFO :: Check presence of blocks after control flow statements in C:\Users\LQR1COB\Downloads\c_files\Platform\MCAL.SafetyStartup\Cfg\AuSS_Smu_Cfg.c ..... 
2023-08-25 11:56:42,576 :: INFO :: Check presence of blocks after control flow statements in C:\Users\LQR1COB\Downloads\c_files\Platform\PFlashMonitoring\cfg\PFMON_LCfg.c ..... 
2023-08-25 11:56:42,579 :: INFO :: Check presence of blocks after control flow statements in C:\Users\LQR1COB\Downloads\c_files\Platform\PFlashMonitoring\src\PFMON.c ..... 
