2023-08-25 17:22:20,287 :: INFO :: ==============================================================================================================================
2023-08-25 17:22:20,287 :: INFO :: ###########################################################################
2023-08-25 17:22:20,287 :: INFO ::  Rule : Check presence of blocks after control flow statements in c files
2023-08-25 17:22:20,287 :: INFO :: ###########################################################################
2023-08-25 17:22:20,287 :: INFO :: Check presence of blocks after control flow statements in C:\Users\LQR1COB\Downloads\c_files\Platform\Aurix.FIT_Manager\Au_FITM.c ..... 
2023-08-25 17:22:20,295 :: INFO :: All control flow statements are followed by a block.
2023-08-25 17:22:20,295 :: INFO :: Check presence of blocks after control flow statements in C:\Users\LQR1COB\Downloads\c_files\Platform\Aurix.FIT_Manager\cfg\Au_FITM_cfg.c ..... 
2023-08-25 17:22:20,299 :: INFO :: Check presence of blocks after control flow statements in C:\Users\LQR1COB\Downloads\c_files\Platform\Aurix.FIT_Manager\FIT_ClockMon\FIT_ClockMon.c ..... 
2023-08-25 17:22:20,301 :: INFO :: All control flow statements are followed by a block.
2023-08-25 17:22:20,301 :: INFO :: Check presence of blocks after control flow statements in C:\Users\LQR1COB\Downloads\c_files\Platform\Aurix.FIT_Manager\FIT_ClockMon\Cfg\FIT_ClockMon_Cfg.c ..... 
2023-08-25 17:22:20,304 :: INFO :: Check presence of blocks after control flow statements in C:\Users\LQR1COB\Downloads\c_files\Platform\Aurix.FIT_Manager\FIT_MPU\FIT_MPU.c ..... 
2023-08-25 17:22:20,317 :: INFO :: All control flow statements are followed by a block.
2023-08-25 17:22:20,317 :: INFO :: Check presence of blocks after control flow statements in C:\Users\LQR1COB\Downloads\c_files\Platform\Aurix.FIT_Manager\FIT_MPU\Cfg\FIT_MPU_Cfg.c ..... 
2023-08-25 17:22:20,321 :: INFO :: Check presence of blocks after control flow statements in C:\Users\LQR1COB\Downloads\c_files\Platform\Aurix.FIT_Manager\FIT_PFLash\FIT_PFlash.c ..... 
2023-08-25 17:22:20,324 :: INFO :: All control flow statements are followed by a block.
2023-08-25 17:22:20,324 :: INFO :: Check presence of blocks after control flow statements in C:\Users\LQR1COB\Downloads\c_files\Platform\Aurix.FIT_Manager\FIT_RAMMonitoring\FIT_RAMMonitoring.c ..... 
2023-08-25 17:22:20,338 :: INFO :: All control flow statements are followed by a block.
2023-08-25 17:22:20,338 :: INFO :: Check presence of blocks after control flow statements in C:\Users\LQR1COB\Downloads\c_files\Platform\Aurix.FIT_Manager\FIT_RAMMonitoring\Cfg\FIT_RAMMonitoring_Cfg.c ..... 
2023-08-25 17:22:20,343 :: INFO :: Check presence of blocks after control flow statements in C:\Users\LQR1COB\Downloads\c_files\Platform\Aurix.FIT_Manager\FIT_REGM\cfg\FIT_REGM_Cfg.c ..... 
2023-08-25 17:22:20,354 :: INFO :: Check presence of blocks after control flow statements in C:\Users\LQR1COB\Downloads\c_files\Platform\Aurix.FIT_Manager\FIT_REGM\src\FIT_REGM.c ..... 
2023-08-25 17:22:20,367 :: INFO :: All control flow statements are followed by a block.
2023-08-25 17:22:20,367 :: INFO :: Check presence of blocks after control flow statements in C:\Users\LQR1COB\Downloads\c_files\Platform\Aurix.FIT_Manager\FIT_Wdg\FIT_Wdg.c ..... 
2023-08-25 17:22:20,384 :: INFO :: All control flow statements are followed by a block.
2023-08-25 17:22:20,384 :: INFO :: Check presence of blocks after control flow statements in C:\Users\LQR1COB\Downloads\c_files\Platform\Aurix.FIT_Manager\FIT_Wdg\cfg\FIT_Wdg_Cfg.c ..... 
2023-08-25 17:22:20,388 :: INFO :: Check presence of blocks after control flow statements in C:\Users\LQR1COB\Downloads\c_files\Platform\Aurix.SafetyManager\AuSM.c ..... 
2023-08-25 17:22:20,397 :: ERROR :: Rule violation at line 522: }while((0x0u != LSMUAlarmStatus_u32) &&
2023-08-25 17:22:20,397 :: INFO :: Check presence of blocks after control flow statements in C:\Users\LQR1COB\Downloads\c_files\Platform\Aurix.SafetyManager\AuSM_Irq.c ..... 
2023-08-25 17:22:20,402 :: INFO :: All control flow statements are followed by a block.
2023-08-25 17:22:20,402 :: INFO :: Check presence of blocks after control flow statements in C:\Users\LQR1COB\Downloads\c_files\Platform\Aurix.SafetyManager\AuSM_UserCallout.c ..... 
2023-08-25 17:22:20,403 :: INFO :: Check presence of blocks after control flow statements in C:\Users\LQR1COB\Downloads\c_files\Platform\Aurix.SafetyManager\Cfg\AuSM_Cfg.c ..... 
2023-08-25 17:22:20,409 :: INFO :: Check presence of blocks after control flow statements in C:\Users\LQR1COB\Downloads\c_files\Platform\CDD.PeripheralProtection\cfg\PeriProt_cfg.c ..... 
2023-08-25 17:22:20,413 :: INFO :: Check presence of blocks after control flow statements in C:\Users\LQR1COB\Downloads\c_files\Platform\CDD.PeripheralProtection\src\PeriProt.c ..... 
2023-08-25 17:22:20,417 :: INFO :: Check presence of blocks after control flow statements in C:\Users\LQR1COB\Downloads\c_files\Platform\CDD.RegisterMonitor\callout\REGM_UserCallout.c ..... 
2023-08-25 17:22:20,421 :: INFO :: Check presence of blocks after control flow statements in C:\Users\LQR1COB\Downloads\c_files\Platform\CDD.RegisterMonitor\cfg\REGM_Cfg.c ..... 
2023-08-25 17:22:20,433 :: INFO :: Check presence of blocks after control flow statements in C:\Users\LQR1COB\Downloads\c_files\Platform\CDD.RegisterMonitor\src\REGM.c ..... 
2023-08-25 17:22:20,444 :: INFO :: All control flow statements are followed by a block.
2023-08-25 17:22:20,444 :: INFO :: Check presence of blocks after control flow statements in C:\Users\LQR1COB\Downloads\c_files\Platform\EcuAL.UARTBufferHandler\UARTBufferHandler.c ..... 
2023-08-25 17:22:20,450 :: INFO :: All control flow statements are followed by a block.
2023-08-25 17:22:20,450 :: INFO :: Check presence of blocks after control flow statements in C:\Users\LQR1COB\Downloads\c_files\Platform\EthernetTrcvDriver\DeSerStub\EthTrcv.c ..... 
2023-08-25 17:22:20,457 :: INFO :: All control flow statements are followed by a block.
2023-08-25 17:22:20,457 :: INFO :: Check presence of blocks after control flow statements in C:\Users\LQR1COB\Downloads\c_files\Platform\EthernetTrcvDriver\Realtek_RTL8211FI\EthTrcv.c ..... 
2023-08-25 17:22:20,462 :: ERROR :: Rule violation at line 66: } while (retval_e & 0x8000);
2023-08-25 17:22:20,462 :: INFO :: Check presence of blocks after control flow statements in C:\Users\LQR1COB\Downloads\c_files\Platform\MCAL.ADCPlausibility\ADCP.c ..... 
2023-08-25 17:22:20,467 :: INFO :: All control flow statements are followed by a block.
2023-08-25 17:22:20,467 :: INFO :: Check presence of blocks after control flow statements in C:\Users\LQR1COB\Downloads\c_files\Platform\MCAL.ADCPlausibility\callout\ADCP_UserCallout.c ..... 
2023-08-25 17:22:20,471 :: INFO :: Check presence of blocks after control flow statements in C:\Users\LQR1COB\Downloads\c_files\Platform\MCAL.ADCPlausibility\cfg\ADCP_Cfg.c ..... 
2023-08-25 17:22:20,475 :: INFO :: Check presence of blocks after control flow statements in C:\Users\LQR1COB\Downloads\c_files\Platform\McAL.AurixCoreDriver\AurixCoreDriver.c ..... 
2023-08-25 17:22:20,478 :: INFO :: All control flow statements are followed by a block.
2023-08-25 17:22:20,478 :: INFO :: Check presence of blocks after control flow statements in C:\Users\LQR1COB\Downloads\c_files\Platform\McAL.ClockMonitoring\ClockMon.c ..... 
2023-08-25 17:22:20,480 :: INFO :: All control flow statements are followed by a block.
2023-08-25 17:22:20,480 :: INFO :: Check presence of blocks after control flow statements in C:\Users\LQR1COB\Downloads\c_files\Platform\McAL.InternalVoltageMonitors\IVM.c ..... 
2023-08-25 17:22:20,488 :: INFO :: Check presence of blocks after control flow statements in C:\Users\LQR1COB\Downloads\c_files\Platform\McAL.McuExtensions\McuExt_Cache.c ..... 
2023-08-25 17:22:20,491 :: INFO :: All control flow statements are followed by a block.
2023-08-25 17:22:20,491 :: INFO :: Check presence of blocks after control flow statements in C:\Users\LQR1COB\Downloads\c_files\Platform\McAL.McuExtensions\McuExt_DebugInformation.c ..... 
2023-08-25 17:22:20,493 :: INFO :: All control flow statements are followed by a block.
2023-08-25 17:22:20,493 :: INFO :: Check presence of blocks after control flow statements in C:\Users\LQR1COB\Downloads\c_files\Platform\McAL.McuExtensions\McuExt_Information.c ..... 
2023-08-25 17:22:20,496 :: INFO :: All control flow statements are followed by a block.
2023-08-25 17:22:20,496 :: INFO :: Check presence of blocks after control flow statements in C:\Users\LQR1COB\Downloads\c_files\Platform\McAL.McuExtensions\McuExt_McuReset.c ..... 
2023-08-25 17:22:20,499 :: INFO :: All control flow statements are followed by a block.
2023-08-25 17:22:20,499 :: INFO :: Check presence of blocks after control flow statements in C:\Users\LQR1COB\Downloads\c_files\Platform\McAL.McuExtensions\McuExt_PerfCounters.c ..... 
2023-08-25 17:22:20,501 :: INFO :: All control flow statements are followed by a block.
2023-08-25 17:22:20,501 :: INFO :: Check presence of blocks after control flow statements in C:\Users\LQR1COB\Downloads\c_files\Platform\McAL.McuExtensions\McuExt_PortResistorSet.c ..... 
2023-08-25 17:22:20,506 :: INFO :: All control flow statements are followed by a block.
2023-08-25 17:22:20,506 :: INFO :: Check presence of blocks after control flow statements in C:\Users\LQR1COB\Downloads\c_files\Platform\McAL.McuExtensions\McuExt_WatchdogEventHandler.c ..... 
2023-08-25 17:22:20,513 :: ERROR :: Rule violation at line 532: if ((HWDG_RUNULC == MCUEXT_HWDG_RUNULC) &&
2023-08-25 17:22:20,513 :: INFO :: Check presence of blocks after control flow statements in C:\Users\LQR1COB\Downloads\c_files\Platform\MCAL.SafetyStartup\AuSS.c ..... 
2023-08-25 17:22:20,526 :: ERROR :: Rule violation at line 757: else {}
2023-08-25 17:22:20,527 :: INFO :: All control flow statements are followed by a block.
2023-08-25 17:22:20,527 :: INFO :: Check presence of blocks after control flow statements in C:\Users\LQR1COB\Downloads\c_files\Platform\MCAL.SafetyStartup\AuSS_LBIST.c ..... 
2023-08-25 17:22:20,531 :: INFO :: All control flow statements are followed by a block.
2023-08-25 17:22:20,531 :: INFO :: Check presence of blocks after control flow statements in C:\Users\LQR1COB\Downloads\c_files\Platform\MCAL.SafetyStartup\AuSS_MBIST.c ..... 
2023-08-25 17:22:20,540 :: ERROR :: Rule violation at line 628: } while (0U == status);
2023-08-25 17:22:20,540 :: ERROR :: Rule violation at line 705: } while (0U == status);
2023-08-25 17:22:20,540 :: ERROR :: Rule violation at line 756: } while (0U == status);
2023-08-25 17:22:20,540 :: INFO :: Check presence of blocks after control flow statements in C:\Users\LQR1COB\Downloads\c_files\Platform\MCAL.SafetyStartup\AuSS_MONBIST.c ..... 
2023-08-25 17:22:20,543 :: INFO :: All control flow statements are followed by a block.
2023-08-25 17:22:20,543 :: INFO :: Check presence of blocks after control flow statements in C:\Users\LQR1COB\Downloads\c_files\Platform\MCAL.SafetyStartup\AuSS_Mtu.c ..... 
2023-08-25 17:22:20,547 :: INFO :: All control flow statements are followed by a block.
2023-08-25 17:22:20,547 :: INFO :: Check presence of blocks after control flow statements in C:\Users\LQR1COB\Downloads\c_files\Platform\MCAL.SafetyStartup\AuSS_RegMonTest.c ..... 
2023-08-25 17:22:20,549 :: INFO :: All control flow statements are followed by a block.
2023-08-25 17:22:20,549 :: INFO :: Check presence of blocks after control flow statements in C:\Users\LQR1COB\Downloads\c_files\Platform\MCAL.SafetyStartup\AuSS_rte.c ..... 
2023-08-25 17:22:20,551 :: INFO :: All control flow statements are followed by a block.
2023-08-25 17:22:20,551 :: INFO :: Check presence of blocks after control flow statements in C:\Users\LQR1COB\Downloads\c_files\Platform\MCAL.SafetyStartup\AuSS_Scu.c ..... 
2023-08-25 17:22:20,553 :: INFO :: All control flow statements are followed by a block.
2023-08-25 17:22:20,553 :: INFO :: Check presence of blocks after control flow statements in C:\Users\LQR1COB\Downloads\c_files\Platform\MCAL.SafetyStartup\AuSS_Smu.c ..... 
2023-08-25 17:22:20,556 :: INFO :: All control flow statements are followed by a block.
2023-08-25 17:22:20,556 :: INFO :: Check presence of blocks after control flow statements in C:\Users\LQR1COB\Downloads\c_files\Platform\MCAL.SafetyStartup\AuSS_SmuAliveAlarm.c ..... 
2023-08-25 17:22:20,558 :: INFO :: All control flow statements are followed by a block.
2023-08-25 17:22:20,558 :: INFO :: Check presence of blocks after control flow statements in C:\Users\LQR1COB\Downloads\c_files\Platform\MCAL.SafetyStartup\AuSS_SMURegMonTest.c ..... 
2023-08-25 17:22:20,561 :: INFO :: All control flow statements are followed by a block.
2023-08-25 17:22:20,561 :: INFO :: Check presence of blocks after control flow statements in C:\Users\LQR1COB\Downloads\c_files\Platform\MCAL.SafetyStartup\Cfg\AuSS_Cfg.c ..... 
2023-08-25 17:22:20,565 :: INFO :: Check presence of blocks after control flow statements in C:\Users\LQR1COB\Downloads\c_files\Platform\MCAL.SafetyStartup\Cfg\AuSS_Mtu_Cfg.c ..... 
2023-08-25 17:22:20,570 :: INFO :: Check presence of blocks after control flow statements in C:\Users\LQR1COB\Downloads\c_files\Platform\MCAL.SafetyStartup\Cfg\AuSS_Scu_Cfg.c ..... 
2023-08-25 17:22:20,573 :: INFO :: Check presence of blocks after control flow statements in C:\Users\LQR1COB\Downloads\c_files\Platform\MCAL.SafetyStartup\Cfg\AuSS_Smu_Cfg.c ..... 
2023-08-25 17:22:20,575 :: INFO :: Check presence of blocks after control flow statements in C:\Users\LQR1COB\Downloads\c_files\Platform\PFlashMonitoring\cfg\PFMON_LCfg.c ..... 
2023-08-25 17:22:20,578 :: INFO :: Check presence of blocks after control flow statements in C:\Users\LQR1COB\Downloads\c_files\Platform\PFlashMonitoring\src\PFMON.c ..... 
2023-08-25 17:22:20,583 :: INFO :: All control flow statements are followed by a block.
